<?xml version="1.0" encoding="UTF-8"?>
<!-- Generated by org.testng.reporters.JUnitReportReporter -->
<testsuite hostname="Anthony" name="test.LoginTest" tests="1" failures="0" timestamp="28 Sep 2019 05:48:42 GMT" time="8.763" errors="0">
  <testcase name="TechfiosLoginTest" time="8.763" classname="test.LoginTest"/>
</testsuite> <!-- test.LoginTest -->
